  [1m[36m (124.8ms)[0m  [1mCREATE TABLE "schema_migrations" ("version" varchar NOT NULL) [0m
  [1m[35m (0.2ms)[0m  select sqlite_version(*)
  [1m[36m (115.9ms)[0m  [1mCREATE UNIQUE INDEX "unique_schema_migrations" ON "schema_migrations" ("version")[0m
  [1m[35mActiveRecord::SchemaMigration Load (0.1ms)[0m  SELECT "schema_migrations".* FROM "schema_migrations"
Migrating to CreateStories (20150825085313)
  [1m[36m (0.1ms)[0m  [1mbegin transaction[0m
  [1m[35m (0.5ms)[0m  CREATE TABLE "stories" ("id" INTEGER PRIMARY KEY AUTOINCREMENT NOT NULL, "title" varchar, "writer" varchar, "preview" varchar, "url" varchar, "created_at" datetime NOT NULL, "updated_at" datetime NOT NULL) 
  [1m[36mSQL (0.2ms)[0m  [1mINSERT INTO "schema_migrations" ("version") VALUES (?)[0m  [["version", "20150825085313"]]
  [1m[35m (115.6ms)[0m  commit transaction
  [1m[36mActiveRecord::SchemaMigration Load (0.1ms)[0m  [1mSELECT "schema_migrations".* FROM "schema_migrations"[0m


Started GET "/" for 127.0.0.1 at 2015-08-25 12:13:41 +0300
  [1m[36mActiveRecord::SchemaMigration Load (0.1ms)[0m  [1mSELECT "schema_migrations".* FROM "schema_migrations"[0m
Processing by StoriesController#index as HTML
  Rendered stories/index.html.erb within layouts/application (2.9ms)
Completed 200 OK in 8637ms (Views: 6802.8ms | ActiveRecord: 0.0ms)


Started GET "/" for 127.0.0.1 at 2015-08-25 12:13:53 +0300
Processing by StoriesController#index as HTML
  Rendered stories/index.html.erb within layouts/application (0.1ms)
Completed 200 OK in 30ms (Views: 29.3ms | ActiveRecord: 0.0ms)


Started GET "/assets/stories.self-e3b0c44298fc1c149afbf4c8996fb92427ae41e4649b934ca495991b7852b855.css?body=1" for 127.0.0.1 at 2015-08-25 12:13:53 +0300


Started GET "/assets/jquery_ujs.self-ca5248a2fad13d6bd58ea121318d642f195f0b2dd818b30615f785ff365e8d1f.js?body=1" for 127.0.0.1 at 2015-08-25 12:13:54 +0300


Started GET "/assets/turbolinks.self-c37727e9bd6b2735da5c311aa83fead54ed0be6cc8bd9a65309e9c5abe2cbfff.js?body=1" for 127.0.0.1 at 2015-08-25 12:13:54 +0300


Started GET "/assets/application.self-e80e8f2318043e8af94dddc2adad5a4f09739a8ebb323b3ab31cd71d45fd9113.css?body=1" for 127.0.0.1 at 2015-08-25 12:13:54 +0300


Started GET "/assets/jquery.self-d03a5518f45df77341bdbe6201ba3bfa547ebba8ed64f0ea56bfa5f96ea7c074.js?body=1" for 127.0.0.1 at 2015-08-25 12:13:54 +0300


Started GET "/assets/application.self-3b8dabdc891efe46b9a144b400ad69e37d7e5876bdc39dee783419a69d7ca819.js?body=1" for 127.0.0.1 at 2015-08-25 12:13:54 +0300


Started GET "/assets/stories.self-877aef30ae1b040ab8a3aba4e3e309a11d7f2612f44dde450b5c157aa5f95c05.js?body=1" for 127.0.0.1 at 2015-08-25 12:13:54 +0300


Started GET "/new" for 127.0.0.1 at 2015-08-25 12:25:38 +0300

ActionController::RoutingError (No route matches [GET] "/new"):
  actionpack (4.2.4) lib/action_dispatch/middleware/debug_exceptions.rb:21:in `call'
  web-console (2.2.1) lib/web_console/middleware.rb:39:in `call'
  actionpack (4.2.4) lib/action_dispatch/middleware/show_exceptions.rb:30:in `call'
  railties (4.2.4) lib/rails/rack/logger.rb:38:in `call_app'
  railties (4.2.4) lib/rails/rack/logger.rb:20:in `block in call'
  activesupport (4.2.4) lib/active_support/tagged_logging.rb:68:in `block in tagged'
  activesupport (4.2.4) lib/active_support/tagged_logging.rb:26:in `tagged'
  activesupport (4.2.4) lib/active_support/tagged_logging.rb:68:in `tagged'
  railties (4.2.4) lib/rails/rack/logger.rb:20:in `call'
  actionpack (4.2.4) lib/action_dispatch/middleware/request_id.rb:21:in `call'
  rack (1.6.4) lib/rack/methodoverride.rb:22:in `call'
  rack (1.6.4) lib/rack/runtime.rb:18:in `call'
  activesupport (4.2.4) lib/active_support/cache/strategy/local_cache_middleware.rb:28:in `call'
  rack (1.6.4) lib/rack/lock.rb:17:in `call'
  actionpack (4.2.4) lib/action_dispatch/middleware/static.rb:116:in `call'
  rack (1.6.4) lib/rack/sendfile.rb:113:in `call'
  railties (4.2.4) lib/rails/engine.rb:518:in `call'
  railties (4.2.4) lib/rails/application.rb:165:in `call'
  rack (1.6.4) lib/rack/lock.rb:17:in `call'
  rack (1.6.4) lib/rack/content_length.rb:15:in `call'
  rack (1.6.4) lib/rack/handler/webrick.rb:88:in `service'
  /usr/lib/ruby/1.9.1/webrick/httpserver.rb:138:in `service'
  /usr/lib/ruby/1.9.1/webrick/httpserver.rb:94:in `run'
  /usr/lib/ruby/1.9.1/webrick/server.rb:191:in `block in start_thread'


  Rendered /var/lib/gems/1.9.1/gems/actionpack-4.2.4/lib/action_dispatch/middleware/templates/rescues/_trace.html.erb (1.6ms)
  Rendered /var/lib/gems/1.9.1/gems/actionpack-4.2.4/lib/action_dispatch/middleware/templates/routes/_route.html.erb (0.9ms)
  Rendered /var/lib/gems/1.9.1/gems/actionpack-4.2.4/lib/action_dispatch/middleware/templates/routes/_table.html.erb (94.0ms)
  Rendered /var/lib/gems/1.9.1/gems/actionpack-4.2.4/lib/action_dispatch/middleware/templates/rescues/_request_and_response.html.erb (1.3ms)
  Rendered /var/lib/gems/1.9.1/gems/actionpack-4.2.4/lib/action_dispatch/middleware/templates/rescues/routing_error.html.erb within rescues/layout (1635.5ms)
  Rendered /var/lib/gems/1.9.1/gems/web-console-2.2.1/lib/web_console/templates/_markup.html.erb (0.4ms)
  Rendered /var/lib/gems/1.9.1/gems/web-console-2.2.1/lib/web_console/templates/_inner_console_markup.html.erb within layouts/inlined_string (0.4ms)
  Rendered /var/lib/gems/1.9.1/gems/web-console-2.2.1/lib/web_console/templates/_prompt_box_markup.html.erb within layouts/inlined_string (0.4ms)
  Rendered /var/lib/gems/1.9.1/gems/web-console-2.2.1/lib/web_console/templates/style.css.erb within layouts/inlined_string (0.2ms)
  Rendered /var/lib/gems/1.9.1/gems/web-console-2.2.1/lib/web_console/templates/console.js.erb within layouts/javascript (12.0ms)
  Rendered /var/lib/gems/1.9.1/gems/web-console-2.2.1/lib/web_console/templates/main.js.erb within layouts/javascript (0.3ms)
  Rendered /var/lib/gems/1.9.1/gems/web-console-2.2.1/lib/web_console/templates/error_page.js.erb within layouts/javascript (0.4ms)
  Rendered /var/lib/gems/1.9.1/gems/web-console-2.2.1/lib/web_console/templates/index.html.erb (25.6ms)


Started GET "/stories/new" for 127.0.0.1 at 2015-08-25 12:26:25 +0300
Processing by StoriesController#new as HTML
  Rendered stories/new.html.erb within layouts/application (0.3ms)
Completed 200 OK in 26ms (Views: 24.6ms | ActiveRecord: 0.0ms)


Started GET "/stories/new" for 127.0.0.1 at 2015-08-25 13:29:26 +0300
  [1m[36mActiveRecord::SchemaMigration Load (0.1ms)[0m  [1mSELECT "schema_migrations".* FROM "schema_migrations"[0m
Processing by StoriesController#new as HTML
  Rendered stories/new.html.erb within layouts/application (467.2ms)
Completed 200 OK in 3581ms (Views: 3547.9ms | ActiveRecord: 0.3ms)


Started GET "/assets/stories.self-e3b0c44298fc1c149afbf4c8996fb92427ae41e4649b934ca495991b7852b855.css?body=1" for 127.0.0.1 at 2015-08-25 13:29:30 +0300


Started GET "/assets/application.self-e80e8f2318043e8af94dddc2adad5a4f09739a8ebb323b3ab31cd71d45fd9113.css?body=1" for 127.0.0.1 at 2015-08-25 13:29:30 +0300


Started GET "/assets/jquery.self-d03a5518f45df77341bdbe6201ba3bfa547ebba8ed64f0ea56bfa5f96ea7c074.js?body=1" for 127.0.0.1 at 2015-08-25 13:29:30 +0300


Started GET "/assets/turbolinks.self-c37727e9bd6b2735da5c311aa83fead54ed0be6cc8bd9a65309e9c5abe2cbfff.js?body=1" for 127.0.0.1 at 2015-08-25 13:29:30 +0300


Started GET "/assets/stories.self-877aef30ae1b040ab8a3aba4e3e309a11d7f2612f44dde450b5c157aa5f95c05.js?body=1" for 127.0.0.1 at 2015-08-25 13:29:30 +0300


Started GET "/assets/jquery_ujs.self-ca5248a2fad13d6bd58ea121318d642f195f0b2dd818b30615f785ff365e8d1f.js?body=1" for 127.0.0.1 at 2015-08-25 13:29:30 +0300


Started GET "/assets/application.self-3b8dabdc891efe46b9a144b400ad69e37d7e5876bdc39dee783419a69d7ca819.js?body=1" for 127.0.0.1 at 2015-08-25 13:29:30 +0300


Started GET "/stories/new" for 127.0.0.1 at 2015-08-25 15:33:17 +0300
  [1m[36mActiveRecord::SchemaMigration Load (0.1ms)[0m  [1mSELECT "schema_migrations".* FROM "schema_migrations"[0m

SyntaxError (/home/osuka/workspace/myrailsSites/writersboard/app/controllers/stories_controller.rb:18: syntax error, unexpected $end, expecting keyword_end):
  app/controllers/stories_controller.rb:18: syntax error, unexpected $end, expecting keyword_end


  Rendered /var/lib/gems/1.9.1/gems/actionpack-4.2.4/lib/action_dispatch/middleware/templates/rescues/_source.erb (5.8ms)
  Rendered /var/lib/gems/1.9.1/gems/actionpack-4.2.4/lib/action_dispatch/middleware/templates/rescues/_trace.html.erb (2.1ms)
  Rendered /var/lib/gems/1.9.1/gems/actionpack-4.2.4/lib/action_dispatch/middleware/templates/rescues/_request_and_response.html.erb (10.8ms)
  Rendered /var/lib/gems/1.9.1/gems/actionpack-4.2.4/lib/action_dispatch/middleware/templates/rescues/diagnostics.html.erb within rescues/layout (69.2ms)
  Rendered /var/lib/gems/1.9.1/gems/web-console-2.2.1/lib/web_console/templates/_markup.html.erb (0.4ms)
  Rendered /var/lib/gems/1.9.1/gems/web-console-2.2.1/lib/web_console/templates/_inner_console_markup.html.erb within layouts/inlined_string (0.3ms)
  Rendered /var/lib/gems/1.9.1/gems/web-console-2.2.1/lib/web_console/templates/_prompt_box_markup.html.erb within layouts/inlined_string (0.3ms)
  Rendered /var/lib/gems/1.9.1/gems/web-console-2.2.1/lib/web_console/templates/style.css.erb within layouts/inlined_string (0.5ms)
  Rendered /var/lib/gems/1.9.1/gems/web-console-2.2.1/lib/web_console/templates/console.js.erb within layouts/javascript (14.0ms)
  Rendered /var/lib/gems/1.9.1/gems/web-console-2.2.1/lib/web_console/templates/main.js.erb within layouts/javascript (0.6ms)
  Rendered /var/lib/gems/1.9.1/gems/web-console-2.2.1/lib/web_console/templates/error_page.js.erb within layouts/javascript (0.3ms)
  Rendered /var/lib/gems/1.9.1/gems/web-console-2.2.1/lib/web_console/templates/index.html.erb (45.1ms)


Started GET "/stories/new" for 127.0.0.1 at 2015-08-25 15:34:05 +0300
  [1m[36mActiveRecord::SchemaMigration Load (0.1ms)[0m  [1mSELECT "schema_migrations".* FROM "schema_migrations"[0m

SyntaxError (/home/osuka/workspace/myrailsSites/writersboard/app/controllers/stories_controller.rb:18: syntax error, unexpected $end, expecting keyword_end):
  app/controllers/stories_controller.rb:18: syntax error, unexpected $end, expecting keyword_end


  Rendered /var/lib/gems/1.9.1/gems/actionpack-4.2.4/lib/action_dispatch/middleware/templates/rescues/_source.erb (4.0ms)
  Rendered /var/lib/gems/1.9.1/gems/actionpack-4.2.4/lib/action_dispatch/middleware/templates/rescues/_trace.html.erb (2.5ms)
  Rendered /var/lib/gems/1.9.1/gems/actionpack-4.2.4/lib/action_dispatch/middleware/templates/rescues/_request_and_response.html.erb (8.8ms)
  Rendered /var/lib/gems/1.9.1/gems/actionpack-4.2.4/lib/action_dispatch/middleware/templates/rescues/diagnostics.html.erb within rescues/layout (54.4ms)
  Rendered /var/lib/gems/1.9.1/gems/web-console-2.2.1/lib/web_console/templates/_markup.html.erb (0.3ms)
  Rendered /var/lib/gems/1.9.1/gems/web-console-2.2.1/lib/web_console/templates/_inner_console_markup.html.erb within layouts/inlined_string (0.2ms)
  Rendered /var/lib/gems/1.9.1/gems/web-console-2.2.1/lib/web_console/templates/_prompt_box_markup.html.erb within layouts/inlined_string (0.2ms)
  Rendered /var/lib/gems/1.9.1/gems/web-console-2.2.1/lib/web_console/templates/style.css.erb within layouts/inlined_string (0.7ms)
  Rendered /var/lib/gems/1.9.1/gems/web-console-2.2.1/lib/web_console/templates/console.js.erb within layouts/javascript (11.4ms)
  Rendered /var/lib/gems/1.9.1/gems/web-console-2.2.1/lib/web_console/templates/main.js.erb within layouts/javascript (0.2ms)
  Rendered /var/lib/gems/1.9.1/gems/web-console-2.2.1/lib/web_console/templates/error_page.js.erb within layouts/javascript (0.2ms)
  Rendered /var/lib/gems/1.9.1/gems/web-console-2.2.1/lib/web_console/templates/index.html.erb (24.8ms)


Started GET "/" for 127.0.0.1 at 2015-08-25 15:34:14 +0300

SyntaxError (/home/osuka/workspace/myrailsSites/writersboard/app/controllers/stories_controller.rb:18: syntax error, unexpected $end, expecting keyword_end):
  app/controllers/stories_controller.rb:18: syntax error, unexpected $end, expecting keyword_end


  Rendered /var/lib/gems/1.9.1/gems/actionpack-4.2.4/lib/action_dispatch/middleware/templates/rescues/_source.erb (4.3ms)
  Rendered /var/lib/gems/1.9.1/gems/actionpack-4.2.4/lib/action_dispatch/middleware/templates/rescues/_trace.html.erb (1.6ms)
  Rendered /var/lib/gems/1.9.1/gems/actionpack-4.2.4/lib/action_dispatch/middleware/templates/rescues/_request_and_response.html.erb (0.9ms)
  Rendered /var/lib/gems/1.9.1/gems/actionpack-4.2.4/lib/action_dispatch/middleware/templates/rescues/diagnostics.html.erb within rescues/layout (14.9ms)
  Rendered /var/lib/gems/1.9.1/gems/web-console-2.2.1/lib/web_console/templates/_markup.html.erb (0.3ms)
  Rendered /var/lib/gems/1.9.1/gems/web-console-2.2.1/lib/web_console/templates/_inner_console_markup.html.erb within layouts/inlined_string (0.2ms)
  Rendered /var/lib/gems/1.9.1/gems/web-console-2.2.1/lib/web_console/templates/_prompt_box_markup.html.erb within layouts/inlined_string (0.2ms)
  Rendered /var/lib/gems/1.9.1/gems/web-console-2.2.1/lib/web_console/templates/style.css.erb within layouts/inlined_string (0.5ms)
  Rendered /var/lib/gems/1.9.1/gems/web-console-2.2.1/lib/web_console/templates/console.js.erb within layouts/javascript (10.0ms)
  Rendered /var/lib/gems/1.9.1/gems/web-console-2.2.1/lib/web_console/templates/main.js.erb within layouts/javascript (0.2ms)
  Rendered /var/lib/gems/1.9.1/gems/web-console-2.2.1/lib/web_console/templates/error_page.js.erb within layouts/javascript (0.3ms)
  Rendered /var/lib/gems/1.9.1/gems/web-console-2.2.1/lib/web_console/templates/index.html.erb (20.8ms)


Started GET "/" for 127.0.0.1 at 2015-08-25 15:35:45 +0300

SyntaxError (/home/osuka/workspace/myrailsSites/writersboard/app/controllers/stories_controller.rb:18: syntax error, unexpected $end, expecting keyword_end):
  app/controllers/stories_controller.rb:18: syntax error, unexpected $end, expecting keyword_end


  Rendered /var/lib/gems/1.9.1/gems/actionpack-4.2.4/lib/action_dispatch/middleware/templates/rescues/_source.erb (4.1ms)
  Rendered /var/lib/gems/1.9.1/gems/actionpack-4.2.4/lib/action_dispatch/middleware/templates/rescues/_trace.html.erb (1.8ms)
  Rendered /var/lib/gems/1.9.1/gems/actionpack-4.2.4/lib/action_dispatch/middleware/templates/rescues/_request_and_response.html.erb (1.0ms)
  Rendered /var/lib/gems/1.9.1/gems/actionpack-4.2.4/lib/action_dispatch/middleware/templates/rescues/diagnostics.html.erb within rescues/layout (16.2ms)
  Rendered /var/lib/gems/1.9.1/gems/web-console-2.2.1/lib/web_console/templates/_markup.html.erb (0.2ms)
  Rendered /var/lib/gems/1.9.1/gems/web-console-2.2.1/lib/web_console/templates/_inner_console_markup.html.erb within layouts/inlined_string (0.2ms)
  Rendered /var/lib/gems/1.9.1/gems/web-console-2.2.1/lib/web_console/templates/_prompt_box_markup.html.erb within layouts/inlined_string (0.8ms)
  Rendered /var/lib/gems/1.9.1/gems/web-console-2.2.1/lib/web_console/templates/style.css.erb within layouts/inlined_string (0.5ms)
  Rendered /var/lib/gems/1.9.1/gems/web-console-2.2.1/lib/web_console/templates/console.js.erb within layouts/javascript (13.8ms)
  Rendered /var/lib/gems/1.9.1/gems/web-console-2.2.1/lib/web_console/templates/main.js.erb within layouts/javascript (0.2ms)
  Rendered /var/lib/gems/1.9.1/gems/web-console-2.2.1/lib/web_console/templates/error_page.js.erb within layouts/javascript (0.3ms)
  Rendered /var/lib/gems/1.9.1/gems/web-console-2.2.1/lib/web_console/templates/index.html.erb (24.4ms)


Started GET "/" for 127.0.0.1 at 2015-08-25 15:36:56 +0300
Processing by StoriesController#index as HTML
  [1m[35mStory Load (0.3ms)[0m  SELECT "stories".* FROM "stories"
  Rendered stories/index.html.erb within layouts/application (2.1ms)
Completed 200 OK in 316ms (Views: 312.3ms | ActiveRecord: 0.4ms)


Started GET "/assets/stories.self-e3b0c44298fc1c149afbf4c8996fb92427ae41e4649b934ca495991b7852b855.css?body=1" for 127.0.0.1 at 2015-08-25 15:36:57 +0300


Started GET "/assets/application.self-e80e8f2318043e8af94dddc2adad5a4f09739a8ebb323b3ab31cd71d45fd9113.css?body=1" for 127.0.0.1 at 2015-08-25 15:36:57 +0300


Started GET "/assets/jquery_ujs.self-ca5248a2fad13d6bd58ea121318d642f195f0b2dd818b30615f785ff365e8d1f.js?body=1" for 127.0.0.1 at 2015-08-25 15:36:57 +0300


Started GET "/assets/turbolinks.self-c37727e9bd6b2735da5c311aa83fead54ed0be6cc8bd9a65309e9c5abe2cbfff.js?body=1" for 127.0.0.1 at 2015-08-25 15:36:57 +0300


Started GET "/assets/jquery.self-d03a5518f45df77341bdbe6201ba3bfa547ebba8ed64f0ea56bfa5f96ea7c074.js?body=1" for 127.0.0.1 at 2015-08-25 15:36:57 +0300


Started GET "/assets/stories.self-877aef30ae1b040ab8a3aba4e3e309a11d7f2612f44dde450b5c157aa5f95c05.js?body=1" for 127.0.0.1 at 2015-08-25 15:36:57 +0300


Started GET "/assets/application.self-3b8dabdc891efe46b9a144b400ad69e37d7e5876bdc39dee783419a69d7ca819.js?body=1" for 127.0.0.1 at 2015-08-25 15:36:57 +0300


Started GET "/stories/new" for 127.0.0.1 at 2015-08-25 15:37:02 +0300
Processing by StoriesController#new as HTML
  Rendered stories/new.html.erb within layouts/application (441.6ms)
Completed 200 OK in 480ms (Views: 468.1ms | ActiveRecord: 0.8ms)


Started GET "/stories/new" for 127.0.0.1 at 2015-08-25 15:37:12 +0300
Processing by StoriesController#new as HTML
  Rendered stories/new.html.erb within layouts/application (114.9ms)
Completed 200 OK in 138ms (Views: 136.7ms | ActiveRecord: 0.0ms)


Started GET "/assets/stories.self-e3b0c44298fc1c149afbf4c8996fb92427ae41e4649b934ca495991b7852b855.css?body=1" for 127.0.0.1 at 2015-08-25 15:37:12 +0300


Started GET "/assets/application.self-e80e8f2318043e8af94dddc2adad5a4f09739a8ebb323b3ab31cd71d45fd9113.css?body=1" for 127.0.0.1 at 2015-08-25 15:37:12 +0300


Started GET "/assets/turbolinks.self-c37727e9bd6b2735da5c311aa83fead54ed0be6cc8bd9a65309e9c5abe2cbfff.js?body=1" for 127.0.0.1 at 2015-08-25 15:37:12 +0300


Started GET "/assets/stories.self-877aef30ae1b040ab8a3aba4e3e309a11d7f2612f44dde450b5c157aa5f95c05.js?body=1" for 127.0.0.1 at 2015-08-25 15:37:12 +0300


Started GET "/assets/jquery.self-d03a5518f45df77341bdbe6201ba3bfa547ebba8ed64f0ea56bfa5f96ea7c074.js?body=1" for 127.0.0.1 at 2015-08-25 15:37:12 +0300


Started GET "/assets/application.self-3b8dabdc891efe46b9a144b400ad69e37d7e5876bdc39dee783419a69d7ca819.js?body=1" for 127.0.0.1 at 2015-08-25 15:37:12 +0300


Started GET "/assets/jquery_ujs.self-ca5248a2fad13d6bd58ea121318d642f195f0b2dd818b30615f785ff365e8d1f.js?body=1" for 127.0.0.1 at 2015-08-25 15:37:12 +0300


Started GET "/" for 127.0.0.1 at 2015-08-25 15:37:30 +0300
Processing by StoriesController#index as HTML
  [1m[36mStory Load (0.2ms)[0m  [1mSELECT "stories".* FROM "stories"[0m
  Rendered stories/index.html.erb within layouts/application (1.4ms)
Completed 200 OK in 28ms (Views: 23.3ms | ActiveRecord: 0.3ms)
